c:\users\hacki\documents\visual studio 2015\projects\consoleapplication1\consoleapplication1\debug\consoleapplication1.pch
c:\users\hacki\documents\visual studio 2015\projects\consoleapplication1\consoleapplication1\debug\vc140.pdb
c:\users\hacki\documents\visual studio 2015\projects\consoleapplication1\consoleapplication1\debug\vc140.idb
c:\users\hacki\documents\visual studio 2015\projects\consoleapplication1\consoleapplication1\debug\stdafx.obj
c:\users\hacki\documents\visual studio 2015\projects\consoleapplication1\consoleapplication1\debug\line.obj
c:\users\hacki\documents\visual studio 2015\projects\consoleapplication1\consoleapplication1\debug\consoleapplication1.obj
c:\users\hacki\documents\visual studio 2015\projects\consoleapplication1\consoleapplication1\debug\consoleapplication1.vcxprojresolveassemblyreference.cache
c:\users\hacki\documents\visual studio 2015\projects\consoleapplication1\consoleapplication1\debug\line.obj.enc
c:\users\hacki\documents\visual studio 2015\projects\consoleapplication1\debug\consoleapplication1.pdb
c:\users\hacki\documents\visual studio 2015\projects\consoleapplication1\consoleapplication1\debug\consolea.5c001865.tlog\cl.command.1.tlog
c:\users\hacki\documents\visual studio 2015\projects\consoleapplication1\consoleapplication1\debug\consolea.5c001865.tlog\cl.read.1.tlog
c:\users\hacki\documents\visual studio 2015\projects\consoleapplication1\consoleapplication1\debug\consolea.5c001865.tlog\cl.write.1.tlog
c:\users\hacki\documents\visual studio 2015\projects\consoleapplication1\consoleapplication1\debug\consolea.5c001865.tlog\link-cvtres.read.1.tlog
c:\users\hacki\documents\visual studio 2015\projects\consoleapplication1\consoleapplication1\debug\consolea.5c001865.tlog\link-cvtres.write.1.tlog
c:\users\hacki\documents\visual studio 2015\projects\consoleapplication1\consoleapplication1\debug\consolea.5c001865.tlog\link-rc.read.1.tlog
c:\users\hacki\documents\visual studio 2015\projects\consoleapplication1\consoleapplication1\debug\consolea.5c001865.tlog\link-rc.write.1.tlog
c:\users\hacki\documents\visual studio 2015\projects\consoleapplication1\consoleapplication1\debug\consolea.5c001865.tlog\link.6312-cvtres.read.1.tlog
c:\users\hacki\documents\visual studio 2015\projects\consoleapplication1\consoleapplication1\debug\consolea.5c001865.tlog\link.6312-cvtres.write.1.tlog
c:\users\hacki\documents\visual studio 2015\projects\consoleapplication1\consoleapplication1\debug\consolea.5c001865.tlog\link.6312-rc.read.1.tlog
c:\users\hacki\documents\visual studio 2015\projects\consoleapplication1\consoleapplication1\debug\consolea.5c001865.tlog\link.6312-rc.write.1.tlog
c:\users\hacki\documents\visual studio 2015\projects\consoleapplication1\consoleapplication1\debug\consolea.5c001865.tlog\link.6312.read.1.tlog
c:\users\hacki\documents\visual studio 2015\projects\consoleapplication1\consoleapplication1\debug\consolea.5c001865.tlog\link.6312.write.1.tlog
c:\users\hacki\documents\visual studio 2015\projects\consoleapplication1\consoleapplication1\debug\consolea.5c001865.tlog\link.command.1.tlog
c:\users\hacki\documents\visual studio 2015\projects\consoleapplication1\consoleapplication1\debug\consolea.5c001865.tlog\link.read.1.tlog
c:\users\hacki\documents\visual studio 2015\projects\consoleapplication1\consoleapplication1\debug\consolea.5c001865.tlog\link.write.1.tlog
